2017-01-24 18:30:44,080 [INFO] from application in ForkJoinPool-1-worker-1 - ApplicationTimer demo: Starting application at 2017-01-24T17:30:44.080Z
2017-01-24 18:30:44,247 [INFO] from play.api.Play in ForkJoinPool-1-worker-1 - Application started (Dev)
2017-01-24 18:31:14,983 [ERROR] from akka.actor.OneForOneStrategy in application-akka.actor.default-dispatcher-6 - 1
java.lang.ArrayIndexOutOfBoundsException: 1
	at de.htwg.se.schach.control.impl.MemSearcher.searchMove(MemSearcher.java:156)
	at de.htwg.se.schach.control.impl.MovementHandler.patbert_first(MovementHandler.java:156)
	at de.htwg.se.schach.control.impl.MovementHandler.patbert(MovementHandler.java:121)
	at model.WebSocketActor.onReceive(WebSocketActor.java:116)
	at akka.actor.UntypedActor$$anonfun$receive$1.applyOrElse(UntypedActor.scala:165)
	at akka.actor.Actor$class.aroundReceive(Actor.scala:484)
	at akka.actor.UntypedActor.aroundReceive(UntypedActor.scala:95)
	at akka.actor.ActorCell.receiveMessage(ActorCell.scala:526)
	at akka.actor.ActorCell.invoke(ActorCell.scala:495)
	at akka.dispatch.Mailbox.processMailbox(Mailbox.scala:257)
	at akka.dispatch.Mailbox.run(Mailbox.scala:224)
	at akka.dispatch.Mailbox.exec(Mailbox.scala:234)
	at scala.concurrent.forkjoin.ForkJoinTask.doExec(ForkJoinTask.java:260)
	at scala.concurrent.forkjoin.ForkJoinPool$WorkQueue.runTask(ForkJoinPool.java:1339)
	at scala.concurrent.forkjoin.ForkJoinPool.runWorker(ForkJoinPool.java:1979)
	at scala.concurrent.forkjoin.ForkJoinWorkerThread.run(ForkJoinWorkerThread.java:107)
